<?xml version="1.0" encoding="UTF-8"?>
<!-- Generated by org.testng.reporters.JUnitReportReporter -->
<testsuite hostname="LAPTOP-43BVG9C9" failures="0" tests="1" name="tasks.Task5_EndToEndOrder" time="18.889" errors="0" timestamp="2025-08-28T13:33:08 IST" skipped="0">
  <testcase classname="tasks.Task5_EndToEndOrder" name="testSearchAndPickProduct" time="18.889"/>
</testsuite> <!-- tasks.Task5_EndToEndOrder -->
