<?xml version="1.0" encoding="UTF-8"?>
<!-- Generated by org.testng.reporters.JUnitReportReporter -->
<testsuite hostname="LAPTOP-43BVG9C9" failures="0" tests="1" name="tasks.Task4_PriceMonitor" time="10.413" errors="0" timestamp="2025-08-28T13:33:08 IST" skipped="0">
  <testcase classname="tasks.Task4_PriceMonitor" name="monitorProductPrice" time="10.413"/>
</testsuite> <!-- tasks.Task4_PriceMonitor -->
