<?xml version="1.0" encoding="UTF-8"?>
<!-- Generated by org.testng.reporters.JUnitReportReporter -->
<testsuite hostname="LAPTOP-43BVG9C9" failures="0" tests="1" name="tasks.Task2_AddToCart" time="0.009" errors="0" timestamp="2025-08-28T13:33:08 IST" skipped="0">
  <testcase classname="tasks.Task2_AddToCart" name="addMultipleItemsAndVerifyCartTotal" time="0.009"/>
</testsuite> <!-- tasks.Task2_AddToCart -->
