<?xml version="1.0" encoding="UTF-8"?>
<!-- Generated by org.testng.reporters.JUnitReportReporter -->
<testsuite hostname="LAPTOP-43BVG9C9" failures="0" tests="1" name="tasks.Task3_LoginValidation" time="11.436" errors="0" timestamp="2025-08-28T13:33:08 IST" skipped="0">
  <testcase classname="tasks.Task3_LoginValidation" name="fetchProfileName" time="11.436"/>
</testsuite> <!-- tasks.Task3_LoginValidation -->
